빌드 시작: 2016-03-20 오전 1:47:33
     1>2 노드의 "D:\Hyo\Documents\GitHub\CV2016\HW1\HW1.vcxproj" 프로젝트(Build 대상)입니다.
     1>ClCompile:
         C:\Program Files (x86)\Microsoft Visual Studio 14.0\VC\bin\x86_amd64\CL.exe /c /I./include /ZI /nologo /W3 /WX- /sdl /Od /D _DEBUG /D _CONSOLE /D _UNICODE /D UNICODE /Gm /EHsc /RTC1 /MDd /GS /fp:precise /Zc:wchar_t /Zc:forScope /Zc:inline /Fo"x64\Debug\\" /Fd"x64\Debug\vc140.pdb" /Gd /TP /errorReport:prompt main.cpp
         main.cpp
       Link:
         C:\Program Files (x86)\Microsoft Visual Studio 14.0\VC\bin\x86_amd64\link.exe /ERRORREPORT:PROMPT /OUT:"./bin/HW1.exe" /INCREMENTAL /NOLOGO /LIBPATH:./lib opencv_world310d.lib FreeImage.lib glut32.lib kernel32.lib user32.lib gdi32.lib winspool.lib comdlg32.lib advapi32.lib shell32.lib ole32.lib oleaut32.lib uuid.lib odbc32.lib odbccp32.lib kernel32.lib user32.lib gdi32.lib winspool.lib comdlg32.lib advapi32.lib shell32.lib ole32.lib oleaut32.lib uuid.lib odbc32.lib odbccp32.lib /MANIFEST /MANIFESTUAC:"level='asInvoker' uiAccess='false'" /manifest:embed /Debug /PDB:"./bin/HW1.pdb" /SUBSYSTEM:CONSOLE /TLBID:1 /DYNAMICBASE /NXCOMPAT /IMPLIB:"./bin/HW1.lib" /MACHINE:X64 x64\Debug\main.obj
     1>main.obj : error LNK2019: glutInit 외부 기호(참조 위치: "void __cdecl initGLUT(int,char * *)" (?initGLUT@@YAXHPEAPEAD@Z) 함수)에서 확인하지 못했습니다.
     1>main.obj : error LNK2019: glutInitWindowSize 외부 기호(참조 위치: "void __cdecl initGLUT(int,char * *)" (?initGLUT@@YAXHPEAPEAD@Z) 함수)에서 확인하지 못했습니다.
     1>main.obj : error LNK2019: glutMainLoop 외부 기호(참조 위치: main 함수)에서 확인하지 못했습니다.
     1>main.obj : error LNK2019: glutCreateWindow 외부 기호(참조 위치: "void __cdecl initGLUT(int,char * *)" (?initGLUT@@YAXHPEAPEAD@Z) 함수)에서 확인하지 못했습니다.
     1>main.obj : error LNK2019: glutPostRedisplay 외부 기호(참조 위치: "void __cdecl keyboardCB(unsigned char,int,int)" (?keyboardCB@@YAXEHH@Z) 함수)에서 확인하지 못했습니다.
     1>main.obj : error LNK2019: glutDisplayFunc 외부 기호(참조 위치: "void __cdecl initGLUT(int,char * *)" (?initGLUT@@YAXHPEAPEAD@Z) 함수)에서 확인하지 못했습니다.
     1>main.obj : error LNK2019: glutKeyboardFunc 외부 기호(참조 위치: "void __cdecl initGLUT(int,char * *)" (?initGLUT@@YAXHPEAPEAD@Z) 함수)에서 확인하지 못했습니다.
     1>main.obj : error LNK2019: __imp_FreeImage_Load 외부 기호(참조 위치: "struct FIBITMAP * __cdecl LoadImage(char const *,int &,int &)" (?LoadImage@@YAPEAUFIBITMAP@@PEBDAEAH1@Z) 함수)에서 확인하지 못했습니다.
     1>main.obj : error LNK2019: __imp_FreeImage_GetFIFFromFilename 외부 기호(참조 위치: "struct FIBITMAP * __cdecl LoadImage(char const *,int &,int &)" (?LoadImage@@YAPEAUFIBITMAP@@PEBDAEAH1@Z) 함수)에서 확인하지 못했습니다.
     1>main.obj : error LNK2019: __imp_FreeImage_FIFSupportsReading 외부 기호(참조 위치: "struct FIBITMAP * __cdecl LoadImage(char const *,int &,int &)" (?LoadImage@@YAPEAUFIBITMAP@@PEBDAEAH1@Z) 함수)에서 확인하지 못했습니다.
     1>main.obj : error LNK2019: __imp_FreeImage_GetFileType 외부 기호(참조 위치: "struct FIBITMAP * __cdecl LoadImage(char const *,int &,int &)" (?LoadImage@@YAPEAUFIBITMAP@@PEBDAEAH1@Z) 함수)에서 확인하지 못했습니다.
     1>main.obj : error LNK2019: __imp_FreeImage_GetBits 외부 기호(참조 위치: main 함수)에서 확인하지 못했습니다.
     1>main.obj : error LNK2019: __imp_FreeImage_GetPixelColor 외부 기호(참조 위치: "struct FIBITMAP * __cdecl LoadImage(char const *,int &,int &)" (?LoadImage@@YAPEAUFIBITMAP@@PEBDAEAH1@Z) 함수)에서 확인하지 못했습니다.
     1>main.obj : error LNK2019: __imp_FreeImage_GetBPP 외부 기호(참조 위치: "struct FIBITMAP * __cdecl LoadImage(char const *,int &,int &)" (?LoadImage@@YAPEAUFIBITMAP@@PEBDAEAH1@Z) 함수)에서 확인하지 못했습니다.
     1>main.obj : error LNK2019: __imp_FreeImage_GetWidth 외부 기호(참조 위치: "struct FIBITMAP * __cdecl LoadImage(char const *,int &,int &)" (?LoadImage@@YAPEAUFIBITMAP@@PEBDAEAH1@Z) 함수)에서 확인하지 못했습니다.
     1>main.obj : error LNK2019: __imp_FreeImage_GetHeight 외부 기호(참조 위치: "struct FIBITMAP * __cdecl LoadImage(char const *,int &,int &)" (?LoadImage@@YAPEAUFIBITMAP@@PEBDAEAH1@Z) 함수)에서 확인하지 못했습니다.
     1>main.obj : error LNK2019: __imp_FreeImage_ConvertTo32Bits 외부 기호(참조 위치: "struct FIBITMAP * __cdecl LoadImage(char const *,int &,int &)" (?LoadImage@@YAPEAUFIBITMAP@@PEBDAEAH1@Z) 함수)에서 확인하지 못했습니다.
     1>./lib\FreeImage.lib : warning LNK4272: 'X86' 라이브러리 컴퓨터 종류가 'x64' 대상 컴퓨터 종류와 충돌합니다.
     1>./lib\glut32.lib : warning LNK4272: 'X86' 라이브러리 컴퓨터 종류가 'x64' 대상 컴퓨터 종류와 충돌합니다.
     1>./bin/HW1.exe : fatal error LNK1120: 17개의 확인할 수 없는 외부 참조입니다.
     1>"D:\Hyo\Documents\GitHub\CV2016\HW1\HW1.vcxproj" 프로젝트를 빌드했습니다(Build 대상). - 실패

빌드하지 못했습니다.

경과 시간: 00:00:02.87
