  stitchImage.cpp
e:\hyo\github\cv16s\hw3\include\opencv2\core\mat.hpp(1914): warning C4819: 현재 코드 페이지(949)에서 표시할 수 없는 문자가 파일에 들어 있습니다. 데이터가 손실되지 않게 하려면 해당 파일을 유니코드 형식으로 저장하십시오.
e:\hyo\github\cv16s\hw3\include\opencv2\core\persistence.hpp : warning C4819: 현재 코드 페이지(949)에서 표시할 수 없는 문자가 파일에 들어 있습니다. 데이터가 손실되지 않게 하려면 해당 파일을 유니코드 형식으로 저장하십시오.
e:\hyo\github\cv16s\hw3\include\opencv2\core\utility.hpp : warning C4819: 현재 코드 페이지(949)에서 표시할 수 없는 문자가 파일에 들어 있습니다. 데이터가 손실되지 않게 하려면 해당 파일을 유니코드 형식으로 저장하십시오.
e:\hyo\github\cv16s\hw3\include\opencv2\core\utility.hpp : warning C4819: 현재 코드 페이지(949)에서 표시할 수 없는 문자가 파일에 들어 있습니다. 데이터가 손실되지 않게 하려면 해당 파일을 유니코드 형식으로 저장하십시오.
e:\hyo\github\cv16s\hw3\stitchimage.cpp(90): warning C4244: '인수': 'double'에서 'int'(으)로 변환하면서 데이터가 손실될 수 있습니다.
e:\hyo\github\cv16s\hw3\stitchimage.cpp(146): warning C4244: '인수': 'float'에서 'int'(으)로 변환하면서 데이터가 손실될 수 있습니다.
e:\hyo\github\cv16s\hw3\stitchimage.cpp(193): warning C4244: '초기화 중': 'double'에서 'float'(으)로 변환하면서 데이터가 손실될 수 있습니다.
e:\hyo\github\cv16s\hw3\stitchimage.cpp(279): warning C4244: '인수': 'time_t'에서 'unsigned int'(으)로 변환하면서 데이터가 손실될 수 있습니다.
e:\hyo\github\cv16s\hw3\stitchimage.cpp(283): warning C4305: '초기화 중': 'int'에서 'float'(으)로 잘립니다.
e:\hyo\github\cv16s\hw3\stitchimage.cpp(287): warning C4305: '초기화 중': 'double'에서 'float'(으)로 잘립니다.
e:\hyo\github\cv16s\hw3\stitchimage.cpp(294): warning C4305: '=': 'int'에서 'float'(으)로 잘립니다.
e:\hyo\github\cv16s\hw3\stitchimage.cpp(496): warning C4305: '=': 'int'에서 'float'(으)로 잘립니다.
e:\hyo\github\cv16s\hw3\stitchimage.cpp(526): warning C4244: '인수': 'float'에서 'int'(으)로 변환하면서 데이터가 손실될 수 있습니다.
e:\hyo\github\cv16s\hw3\stitchimage.cpp(527): warning C4244: '인수': 'float'에서 'int'(으)로 변환하면서 데이터가 손실될 수 있습니다.
e:\hyo\github\cv16s\hw3\stitchimage.cpp(576): warning C4244: '초기화 중': 'float'에서 'int'(으)로 변환하면서 데이터가 손실될 수 있습니다.
e:\hyo\github\cv16s\hw3\stitchimage.cpp(577): warning C4244: '초기화 중': 'float'에서 'int'(으)로 변환하면서 데이터가 손실될 수 있습니다.
  main.cpp
e:\hyo\github\cv16s\hw3\include\opencv2\core\mat.hpp(1914): warning C4819: 현재 코드 페이지(949)에서 표시할 수 없는 문자가 파일에 들어 있습니다. 데이터가 손실되지 않게 하려면 해당 파일을 유니코드 형식으로 저장하십시오.
e:\hyo\github\cv16s\hw3\include\opencv2\core\persistence.hpp : warning C4819: 현재 코드 페이지(949)에서 표시할 수 없는 문자가 파일에 들어 있습니다. 데이터가 손실되지 않게 하려면 해당 파일을 유니코드 형식으로 저장하십시오.
e:\hyo\github\cv16s\hw3\include\opencv2\core\utility.hpp : warning C4819: 현재 코드 페이지(949)에서 표시할 수 없는 문자가 파일에 들어 있습니다. 데이터가 손실되지 않게 하려면 해당 파일을 유니코드 형식으로 저장하십시오.
e:\hyo\github\cv16s\hw3\include\opencv2\core\utility.hpp : warning C4819: 현재 코드 페이지(949)에서 표시할 수 없는 문자가 파일에 들어 있습니다. 데이터가 손실되지 않게 하려면 해당 파일을 유니코드 형식으로 저장하십시오.
  코드를 생성하고 있습니다...
  HW3.vcxproj -> E:\Hyo\Github\CV16S\HW3\./bin/HW3.exe
