d:\hyo\documents\github\cv2016\hw2\debug\vc140.pdb
d:\hyo\documents\github\cv2016\hw2\debug\vc140.idb
d:\hyo\documents\github\cv2016\hw2\debug\main.obj
d:\hyo\documents\github\cv2016\hw2\debug\hfilters.obj
e:\hyo\github\cv2016\hw2\debug\vc140.pdb
e:\hyo\github\cv2016\hw2\debug\vc140.idb
e:\hyo\github\cv2016\hw2\debug\hfilters.obj
e:\hyo\github\cv2016\hw2\debug\main.obj
d:\hyo\documents\github\cv2016\hw2\bin\hw2.ilk
d:\hyo\documents\github\cv2016\hw2\bin\hw2.exe
d:\hyo\documents\github\cv2016\hw2\bin\hw2.pdb
e:\hyo\github\cv2016\hw2\bin\hw2.ilk
e:\hyo\github\cv2016\hw2\bin\hw2.exe
e:\hyo\github\cv2016\hw2\bin\hw2.pdb
e:\hyo\github\cv16s\hw2\debug\hfilters.obj
e:\hyo\github\cv16s\hw2\debug\main.obj
e:\hyo\github\cv16s\hw2\debug\main.obj.enc
e:\hyo\github\cv16s\hw2\debug\vc140.idb
e:\hyo\github\cv16s\hw2\debug\vc140.pdb
e:\hyo\github\cv16s\hw2\./bin/hw2.exe
e:\hyo\github\cv16s\hw2\debug\hw2.tlog\cl.command.1.tlog
e:\hyo\github\cv16s\hw2\debug\hw2.tlog\cl.read.1.tlog
e:\hyo\github\cv16s\hw2\debug\hw2.tlog\cl.write.1.tlog
e:\hyo\github\cv16s\hw2\debug\hw2.tlog\link.command.1.tlog
e:\hyo\github\cv16s\hw2\debug\hw2.tlog\link.read.1.tlog
e:\hyo\github\cv16s\hw2\debug\hw2.tlog\link.write.1.tlog
